0 info it worked if it ends with ok
1 verbose cli [ 'node', '/usr/local/bin/npm', 'install', '-g', 'ios-deploy' ]
2 info using npm@1.4.28
3 info using node@v0.10.35
4 verbose cache add [ 'ios-deploy', null ]
5 verbose cache add name=undefined spec="ios-deploy" args=["ios-deploy",null]
6 verbose parsed url { protocol: null,
6 verbose parsed url   slashes: null,
6 verbose parsed url   auth: null,
6 verbose parsed url   host: null,
6 verbose parsed url   port: null,
6 verbose parsed url   hostname: null,
6 verbose parsed url   hash: null,
6 verbose parsed url   search: null,
6 verbose parsed url   query: null,
6 verbose parsed url   pathname: 'ios-deploy',
6 verbose parsed url   path: 'ios-deploy',
6 verbose parsed url   href: 'ios-deploy' }
7 silly lockFile 69149c11-ios-deploy ios-deploy
8 verbose lock ios-deploy /Users/Ryan/.npm/69149c11-ios-deploy.lock
9 silly lockFile 69149c11-ios-deploy ios-deploy
10 silly lockFile 69149c11-ios-deploy ios-deploy
11 verbose addNamed [ 'ios-deploy', '' ]
12 verbose addNamed [ null, '*' ]
13 silly lockFile 9c508a6b-ios-deploy ios-deploy@
14 verbose lock ios-deploy@ /Users/Ryan/.npm/9c508a6b-ios-deploy.lock
15 silly addNameRange { name: 'ios-deploy', range: '*', hasData: false }
16 verbose request where is /ios-deploy
17 verbose request registry http://registry.npmjs.org/
18 verbose request id 2d35c54fe0def83e
19 verbose url raw /ios-deploy
20 verbose url resolving [ 'http://registry.npmjs.org/', './ios-deploy' ]
21 verbose url resolved http://registry.npmjs.org/ios-deploy
22 verbose request where is http://registry.npmjs.org/ios-deploy
23 info trying registry request attempt 1 at 23:58:33
24 verbose etag "45-0de1cb7069ca7c24b653d492705514db"
25 http GET http://registry.npmjs.org/ios-deploy
26 http 200 http://registry.npmjs.org/ios-deploy
27 silly registry.get cb [ 200,
27 silly registry.get   { server: 'CouchDB/1.5.0 (Erlang OTP/R16B03)',
27 silly registry.get     etag: '"41G68TKKYGSN5OACY2XQABNID"',
27 silly registry.get     'content-type': 'application/json',
27 silly registry.get     'cache-control': 'max-age=60',
27 silly registry.get     'content-length': '19336',
27 silly registry.get     'accept-ranges': 'bytes',
27 silly registry.get     date: 'Thu, 05 Mar 2015 04:58:33 GMT',
27 silly registry.get     via: '1.1 varnish',
27 silly registry.get     age: '0',
27 silly registry.get     connection: 'keep-alive',
27 silly registry.get     'x-served-by': 'cache-jfk1021-JFK',
27 silly registry.get     'x-cache': 'MISS',
27 silly registry.get     'x-cache-hits': '0',
27 silly registry.get     'x-timer': 'S1425531513.770124,VS0,VE166',
27 silly registry.get     vary: 'Accept' } ]
28 silly addNameRange number 2 { name: 'ios-deploy', range: '*', hasData: true }
29 silly addNameRange versions [ 'ios-deploy',
29 silly addNameRange   [ '1.0.1',
29 silly addNameRange     '1.0.2',
29 silly addNameRange     '1.0.3',
29 silly addNameRange     '1.0.4',
29 silly addNameRange     '1.0.5',
29 silly addNameRange     '1.0.6',
29 silly addNameRange     '1.0.7',
29 silly addNameRange     '1.0.8',
29 silly addNameRange     '1.0.9',
29 silly addNameRange     '1.1.0',
29 silly addNameRange     '1.2.0',
29 silly addNameRange     '1.3.0',
29 silly addNameRange     '1.3.1',
29 silly addNameRange     '1.3.2',
29 silly addNameRange     '1.4.0' ] ]
30 verbose addNamed [ 'ios-deploy', '1.4.0' ]
31 verbose addNamed [ '1.4.0', '1.4.0' ]
32 silly lockFile 5bf893e8-ios-deploy-1-4-0 ios-deploy@1.4.0
33 verbose lock ios-deploy@1.4.0 /Users/Ryan/.npm/5bf893e8-ios-deploy-1-4-0.lock
34 silly lockFile 5bf893e8-ios-deploy-1-4-0 ios-deploy@1.4.0
35 silly lockFile 5bf893e8-ios-deploy-1-4-0 ios-deploy@1.4.0
36 silly lockFile 9c508a6b-ios-deploy ios-deploy@
37 silly lockFile 9c508a6b-ios-deploy ios-deploy@
38 silly resolved [ { name: 'ios-deploy',
38 silly resolved     version: '1.4.0',
38 silly resolved     description: 'launch iOS apps iOS devices from the command line (Xcode 6)',
38 silly resolved     main: 'ios-deploy',
38 silly resolved     scripts: { preinstall: 'make ios-deploy' },
38 silly resolved     bin: { 'ios-deploy': './ios-deploy' },
38 silly resolved     repository: { type: 'git', url: 'https://github.com/phonegap/ios-deploy' },
38 silly resolved     keywords: [ 'ios-deploy', 'deploy to iOS device' ],
38 silly resolved     author: { name: 'Greg Hughes' },
38 silly resolved     license: 'GPLv3',
38 silly resolved     gitHead: '56abf4e92e390350a79999df277eb6a8cc067a31',
38 silly resolved     bugs: { url: 'https://github.com/phonegap/ios-deploy/issues' },
38 silly resolved     homepage: 'https://github.com/phonegap/ios-deploy',
38 silly resolved     _id: 'ios-deploy@1.4.0',
38 silly resolved     _shasum: '94599f8082711af072bee1b67f01d10a34c168ef',
38 silly resolved     _from: 'ios-deploy@',
38 silly resolved     _npmVersion: '1.4.21',
38 silly resolved     _npmUser: { name: 'shazron', email: 'shazron@gmail.com' },
38 silly resolved     maintainers: [ [Object], [Object], [Object] ],
38 silly resolved     dist:
38 silly resolved      { shasum: '94599f8082711af072bee1b67f01d10a34c168ef',
38 silly resolved        tarball: 'http://registry.npmjs.org/ios-deploy/-/ios-deploy-1.4.0.tgz' },
38 silly resolved     _resolved: 'http://registry.npmjs.org/ios-deploy/-/ios-deploy-1.4.0.tgz',
38 silly resolved     readme: 'ERROR: No README data found!' } ]
39 info install ios-deploy@1.4.0 into /usr/local/lib
40 info installOne ios-deploy@1.4.0
41 verbose lib/node_modules/ios-deploy unbuild
42 verbose tar unpack /Users/Ryan/.npm/ios-deploy/1.4.0/package.tgz
43 silly lockFile d4189100-ocal-lib-node-modules-ios-deploy tar:///usr/local/lib/node_modules/ios-deploy
44 verbose lock tar:///usr/local/lib/node_modules/ios-deploy /Users/Ryan/.npm/d4189100-ocal-lib-node-modules-ios-deploy.lock
45 silly lockFile 5b682ca4-npm-ios-deploy-1-4-0-package-tgz tar:///Users/Ryan/.npm/ios-deploy/1.4.0/package.tgz
46 verbose lock tar:///Users/Ryan/.npm/ios-deploy/1.4.0/package.tgz /Users/Ryan/.npm/5b682ca4-npm-ios-deploy-1-4-0-package-tgz.lock
47 silly gunzTarPerm modes [ '755', '644' ]
48 error Error: EACCES, mkdir '/usr/local/lib/node_modules/ios-deploy'
48 error  { [Error: EACCES, mkdir '/usr/local/lib/node_modules/ios-deploy']
48 error   errno: 3,
48 error   code: 'EACCES',
48 error   path: '/usr/local/lib/node_modules/ios-deploy',
48 error   fstream_type: 'Directory',
48 error   fstream_path: '/usr/local/lib/node_modules/ios-deploy',
48 error   fstream_class: 'DirWriter',
48 error   fstream_stack:
48 error    [ '/usr/local/lib/node_modules/npm/node_modules/fstream/lib/dir-writer.js:36:23',
48 error      '/usr/local/lib/node_modules/npm/node_modules/mkdirp/index.js:46:53',
48 error      'Object.oncomplete (fs.js:108:15)' ] }
49 error Please try running this command again as root/Administrator.
50 error System Darwin 14.0.0
51 error command "node" "/usr/local/bin/npm" "install" "-g" "ios-deploy"
52 error cwd /Users/Ryan/Documents/RISD/14-15/Thesis/ionic_todo/todo
53 error node -v v0.10.35
54 error npm -v 1.4.28
55 error path /usr/local/lib/node_modules/ios-deploy
56 error fstream_path /usr/local/lib/node_modules/ios-deploy
57 error fstream_type Directory
58 error fstream_class DirWriter
59 error code EACCES
60 error errno 3
61 error stack Error: EACCES, mkdir '/usr/local/lib/node_modules/ios-deploy'
62 error fstream_stack /usr/local/lib/node_modules/npm/node_modules/fstream/lib/dir-writer.js:36:23
62 error fstream_stack /usr/local/lib/node_modules/npm/node_modules/mkdirp/index.js:46:53
62 error fstream_stack Object.oncomplete (fs.js:108:15)
63 verbose exit [ 3, true ]
